<?xml version="1.0" encoding="UTF-8"?>
<!-- Generated by org.testng.reporters.JUnitReportReporter -->
<testsuite hostname="Anvi" failures="0" tests="1" name="Deno" time="2.745" errors="0" timestamp="2025-02-23T13:04:00 IST" skipped="0">
  <testcase classname="Deno" name="denoTest" time="2.745"/>
</testsuite> <!-- Deno -->
